1. Your company is planning a major deployment on AWS. While the design and testing stages
are still in progress, which of the following plans will provide the best blend of support and
cost savings?
A. Basic
B. Developer
C. Business
D. Enterprise

Answer: C. developer plan is cheaper but there is limited access to support professionals. business offer 24/7 email, chat and phone access to engineer/

2. Your web development team is actively gearing up for a deployment of an e-commerce
site.
During these early stages of the process, individual developers are running into frustrating
conflicts and configuration problems that are highly specific to your situation. Which of the
following plans will provide the best blend of support and cost savings?
A. Basic
B. Developer
C. Business
D. Enterprise

Answer: B.

3. Your corporate website was offline last week for more than two hours—which
caused serious
consequences, including the early retirement of your CTO. Your engineers have been having a
lot of trouble tracking down the source of the outage and admit that they need outside help.
Which of the following will most likely meet that need?
A. Basic
B. Developer
C. Business
D. Enterprise

Answer: D.

4. For which of the following will AWS provide direct 24/7 support to all users—even
those on
the Basic Support plan?
A. Help with infrastructure under a massive denial-of-
service
(DoS) attack
B. Help with failed and unavailable infrastructure
C. Help with making a bill payment to AWS
D. Help with accessing your infrastructure via the AWS CLI

Answer: D.

5. The primary purpose of an AWS technical account manager is to:
A. Provide 24/7 customer service for your AWS account.
B. Provide deployment guidance and advocacy for Enterprise Support customers.
C. Provide deployment guidance and advocacy for Business Support customers.
D. Provide strategic cost estimates for Enterprise Support customers.

Answwer: B.

6. Your Linux-based
EC2 instance requires a patch to a Linux kernel module. The problem
is that patching the module will, for some reason, break the connection between your
instance and data in an S3 bucket. Your team doesn’t know if it’s possible to work around
this problem. Which is the most cost-effective
AWS plan through which support professionals
will try to help you?
A. Developer.
B. Business.
C. Enterprise.
D. No plan covers this kind of support.

Answer: B. only business and enterprise will help with troubleshooting.

7. Your company enrolled in the Developer Support plan and, through the course of one month,
consumed $4,000 USD of AWS services. How much will the support plan cost the company
for the month?
A. $120
B. $29
C. $100
D. $480

Answer: A. the developer plan cost 3 percent of monthly usage.

8. Your company enrolled in the Business Support plan and, through the course of three
months, consumed $33,000 of AWS services (the consumption was equally divided across the
months). How much will the support plan cost the company for the full three months?
A. $4,000
B. $100
C. $1,100
D. $3,310

Answer: D. the business plan cost 10 percent for the first 10,000$ usage and 7 percent for the next level.

9. Which of the following AWS support services does not offer free documentation of
some sort?
A. AWS Professional Services
B. The Basic Support plan
C. AWS Partner Network
D. The Knowledge Center

Answer: C. the aws professional services site include tech talk webinar,s white papers and blog post. the basic support plan
include aws documentaiton resources. the knowledge center consist of FAQ document.

10. What is the key difference between the roles of AWS Professional Services and a technical
account manager (TAM)?
A. The Professional Services product helps AWS Partner Network cloud professionals work
alongside your own team to help you administer your cloud infrastructure. The TAM is
a cloud professional employed by AWS to guide you through the planning and execution
of your infrastructure.
B. The TAM is a cloud professional employed by AWS to guide you through the planning
and execution of your infrastructure. The Professional Services product provides cloud
professionals to work alongside your own team to help you administer your cloud
infrastructure.
C. The TAM is a member of your team designated as the point person for all AWS projects.
The Professional Services product provides consultants to work alongside your own
team to help you administer your cloud infrastructure.
D. The Professional Services product is a network appliance that AWS installs in your data
center to test cloud-bound
workloads for compliance with best practices. The TAM is a
cloud professional employed by AWS to guide you through the planning and execution
of your infrastructure.

Answer: A. the TAM is an aws employee dedicated to guiding your developer and admin teams. there is no such thing as network appliance for workload testing

11. Which of the following documentation sites are most likely to contain code snippets for you
to cut and (after making sure you understand exactly what they’ll do) paste into your AWS
operations? (Choose two.)
A. https://repost.aws/knowledge-center
B. https://aws.amazon.com/premiumsupport/compare-plans
C. https://docs.aws.amazon.com
D. https://aws.amazon.com/professional-services

Answer: C, D. 

12. What is the primary function of the content linked from the Knowledge Center?
A. To introduce new users to the functionality of the core AWS services
B. To explain how AWS deployments can be more efficient and secure than on-premises
C. To provide a public forum where AWS users can ask their technical questions
D. To present solutions to commonly encountered technical problems using AWS
infrastructure

Answer: D. the knowledge center is a FAQ for technical problems and their solutions.

13. On which of the following sites are you most likely to find information about encrypting
your AWS resources?
A. https://aws.amazon.com/premiumsupport/knowledge-center
B. https://aws.amazon.com/security/security-resources
C. https://docs.aws.amazon.com
D. https://aws.amazon.com/security/encryption

Answer: B

14. When using AWS documentation pages, what is the best way to be sure the information
you’re reading is up-to-
date?
A. The page URL will include the word latest.
B. The page URL will include the version number (i.e., 3.2).
C. The page will have the word Current at the top right.
D. There is no easy way to tell.

Answer: A.

15. Which of the following is not a Trusted Advisor category?
A. Performance
B. Service Limits
C. Replication
D. Fault Tolerance

Answer: C. replication is effectively a subset of fault tolerence.

16. “Data volumes that aren’t properly backed up” is an example of which of these Trusted
Advisor categories?
A. Fault Tolerance
B. Performance
C. Security
D. Cost Optimization

Answer: A.

17. Instances that are running (mostly) idle should be identified by which of these Trusted
Advisor categories?
A. Performance
B. Cost Optimization
C. Service Limits
D. Replication

Answer: B. Performance identifies config settings tha tmight be blocking aws perf improvements. service limits identifies resources usage that is
approaching aws region or service limit. 

18. Within the context of Trusted Advisor, what is a false positive?
A. An alert for a service state that was actually intentional
B. A green OK icon for a service state that is failed or failing
C. A single status icon indicating that your account is completely compliant
D. Textual indication of a failed state

Answer: A.

19. Which of the following Trusted Advisor alerts is available only for accounts on the Business
or Enterprise Support plan? (Choose two.)
A. MFA on Root Account
B. Load Balancer Optimization
C. Service Limits
D. IAM Access Key Rotation

Answer: B, D. both mfa and service limits are availble for all accounts.