1. Which of the following is not one of the pillars of the Well-Architected
Framework?
A. Performance efficiency
B. Reliability
C. Resiliency
D. Security
E. Cost optimization

Answer: C. the pillars of well-architected framework are reliabilty, performance efficiency, securitym cost optimization, operational
excellence and sustainability. resiliency is not one of them.

2. Which of the following are examples of applying the principles of the security pillar of the
Well-Architected
Framework? (Choose two.)
A. Granting each AWS user their own IAM username and password
B. Creating a security group rule to deny access to unused ports
C. Deleting an empty S3 bucket
D. Enabling S3 versioning

Answer: A, D. security is about protecting confidentiality, integrity and availability of data.

3. You’re hosting a web application on two EC2 instances in an Auto Scaling group. The
performance of the application is consistently acceptable. Which of the following can help
maintain or improve performance efficiency? (Choose two.)
A. Monitoring for unauthorized access
B. Doubling the number of instances in the Auto Scaling group
C. Implementing policies to prevent the accidental termination of EC2 instances in the same
Auto Scaling group
D. Using CloudFront

Answer: C, D. preventing accidental termination of an ec2 instance in the auto scaling group can avoid overburdening and causing performance
issue for the remaining instance. using cloudfront can help improve perforamcen for end user by caching content.

4. Which of the following can help achieve cost optimization? (Choose two.)
A. Deleting unused S3 objects
B. Deleting empty S3 buckets
C. Deleting unused application load balancers
D. Deleting unused VPCs

Answer: A, C. deleting unused s3 objects and unused application load balancrs can reduce costs since you are charged for both.

5. Which of the following is a key component of operational excellence?
A. Adding more security personnel
B. Automating manual processes
C. Making minor improvements to bad processes
D. Making people work longer hours

Answer: B. operational excellence is concerned with strengthening the other pillars through automation

6. Your default VPC in the us-west-1 region has three default subnets. How many availability
zones are in this region?
A. 2
B. 3
C. 4
D. 5

Answer: B.

7. Your organization is building a database-backed
web application that will sit behind an
application load balancer. You add an inbound security group rule to allow HTTP traffic
on TCP port 80. Where should you apply this security group to allow users to access the
application?
A. The application load balancer listener
B. The database instance
C. The subnets where the instances reside
D. None of these

Answer: A. application load balancer listener use security group to control inbound Access

8. How does an application load balancer enable reliability?
A. By routing traffic away from failed instances
B. By replacing failed instances
C. By routing traffic to the least busy instances
D. By caching frequently accessed content

Answer: A.

9 Which of the following contains the configuration information for instances in an Auto
Scaling group?
A. Launch directive
B. Dynamic scaling policy
C. CloudFormation template
D. Launch template

Answer:  D.

10. You’ve created a target tracking policy for an Auto Scaling group. You want to ensure that
the number of instances in the group never exceeds 5. How can you accomplish this?
A. Set the group size to 5.
B. Set the maximum group size to 5.
C. Set the minimum group size to 5.
D. Delete the target tracking policy.

Answer: B.

11. Which of the following is an example of a static website?
A. A WordPress blog
B. A website hosted on S3
C. A popular social media website
D. A web-based
email application

Answer: B.

12. Which of the following features of S3 improve the security of data you store in an S3 bucket?
(Choose two.)
A. Objects in S3 are not public by default.
B. All objects are readable by all AWS users by default.
C. By default, S3 removes ACLs that allow public read access to objects.
D. S3 removes public objects by default.

Answer: A, C.

13. Which of the following is required to enable S3 static website hosting on a bucket?
A. Enable bucket hosting in the S3 service console.
B. Disable default encryption.
C. Disable object versioning.
D. Enable object versioning.
E. Make all objects in the bucket public.

Answer: A.

14. You’ve created a static website hosted on S3 and given potential customers the URL that consists
of words and numbers. They’re complaining that it’s too hard to type in. How can you
come up with a friendlier URL?
A. Re-create
the bucket using only words in the name.
B. Use a custom domain name.
C. Re-create
the bucket in a different region.
D. Re-create
the bucket using only numbers in the name.

Answer: B.

15. Which of the following is true regarding static websites hosted in S3?
A. The content served is not encrypted in transit.
B. Anyone can modify the content.
C. You must use a custom domain name.
D. A website hosted on S3 is stored in multiple Regions.

Answer: A. a website hosted in s3 are served using unencrypted http, not secure https.

16. Which of the following can impact the reliability of a web application running on
EC2 instances?
A. Taking EBS snapshots of the instances.
B. The user interface is too difficult to use.
C. Not replacing a misconfigured resource that the application depends on.
D. Provisioning too many instances.

17. You have a public web application running on EC2 instances. Which of the following factors
affecting the performance of your application might be out of your control?
A. Storage
B. Compute
C. Network
D. Database

18. An Auto Scaling group can use an EC2 system health check to determine whether an instance
is healthy. What other type of health check can it use?
A. S3
B. SNS
C. VPC
D. ELB

19. You’re hosting a static website on S3. Your web assets are stored under the STANDARD
storage class. Which of the following is true regarding your site?
A. Someone may modify the content of your site without authorization.
B. You’re responsible for S3 charges.
C. You’re charged for any compute power used to host the site.
D. An availability zone outage may bring down the site.

20. You’re hosting a static website on S3. Your web assets are stored in the US East 1 Region in
the bucket named mygreatwebsite. What is the URL of the website?
A. http://mygreatwebsite.s3-website-us-east-1.amazonaws.com
B. http://mygreatwebsite.s3.amazonaws.com
C. http://mygreatwebsite.s3-website-us-east.amazonaws.com
D. http://mygreatwebsite.s3-us-east-1.amazonaws.com