1. Which of the following EC2 services can be used without charge under the Free Tier?
A. Any single EC2 instance type as long as it runs for less than one hour per day
B. Any single EC2 instance type as long as it runs for less than 75 hours per month
C. A single t2.micro EC2 instance type instance for 750 hours per month
D. t2.micro EC2 instance type instances for a total of 750 hours per month

Answer: D. only t2.micro instance type is free tier-eligible. any combination of t2.micro instance can rum up to a total of 750 hours per month

2. You want to experiment with deploying a web server on an EC2 instance. Which two of the
following resources can you include to make that work while remaining within the Free Tier?
(Choose two.)
A. A 5 GB bucket on S3
B. A t2.micro instance type EC2 instance
C. A 30 GB solid-state
Elastic Block Store (EBS) drive
D. Two 20 GB solid-state
Elastic Block Store (EBS) drives

Answer: B, C. ebs space allowed by free tier is 30gb in total.

3. Which of the following usage will always be cost-free
even after your account’s Free Tier has
expired? (Choose two.)
A. One million API calls/month on Amazon API Gateway
B. 10 GB of data retrievals from Amazon Glacier per month
C. 500 MB/month of free storage on the Amazon Elastic Container Registry (ECR)
D. 10 custom monitoring metrics and 10 alarms on Amazon CloudWatch

Answer: B, D. the api calls/month and ecr free storageare available only under free tier

4. Which of the following tools are available to ensure you won’t accidentally run past your
Free Tier limit and incur unwanted costs? (Choose two.)
A. Automated email alerts when activity approaches the Free Tier limits
B. The Top Free Tier Services by Usage section on the Billing & Cost Management
Dashboard
C. Billing & Cost Management section on the Top Free Tier Services Dashboard
D. The Billing Preferences Dashboard

Answer: A, B. There is no Top Free Tier Services Dashboard, or for that matter, Billing Preferences Dashboard

5. Which of the following is likely to be an accurate source of AWS pricing information?
A. Wikipedia pages relating to a particular service
B. The AWS Command-Line
Interface (AWS CLI)
C. AWS online documentation relating to a particular service
D. The AWS Pricing Calculator

Answer: C. the pricing calculator may not contain the absolute latest information about service pricing.

6. Which of the following will probably not affect the pricing for an AWS service?
A. Requests for raising the available service limit
B. AWS region limit increases from AWS?
C. The volume of data saved to an S3 bucket
D. The volume of data egress from an Amazon S3 Glacier vault

Answer: A

7. Which of the following AWS documentation URLs points to the page containing an up-to-
date
list of service limits?
A. https://docs.aws.amazon.com/general/latest/gr/limits.html
B. https://docs.aws.amazon.com/general/latest/gr/aws_service_
limits.html
C. https://aws.amazon.com/general/latest/gr/aws_service_limits.html
D. https://docs.aws.amazon.com/latest/gr/aws_service_limits.html

Answer: B. the correct url is https://docs.aws.amazon.com/general/latest/gr/aws_service_limits.html

8. Which of the following best describes one possible reason for AWS service limits?
A. To prevent individual customers from accidentally launching a crippling level of resource
consumption
B. To more equally distribute available resources between customers from different regions
C. To allow customers to more gradually increase their deployments
D. Because there are logical limits to the ability of AWS resources to scale up

Answer: A

9. Is it always possible to request service limit increases from AWS?
A. Yes. All service limits can be increased.
B. No. A limit can never be increased.
C. Service limits are defaults. They can be increased or decreased on demand.
D. No. Some service limits are hard.

Answer: D. while most service limits are soft and can be raised upon request, some service limits exist that are absolute

10. Which is the best place to get a quick summary of this month’s spend for your account?
A. Budgets
B. Cost Explorer
C. Cost and Usage reports
D. Billing & Cost Management Dashboard

Answer: D. the cost explorer and cost and usage reports provide more in-depth and customized details. budgets allow you to set alerts based on usage.

11. What is the main goal for creating a Usage budget type (in AWS Budgets)?
A. To correlate usage per unit cost to understand your account cost efficiency
B. To track the status of any active reserved instances on your account
C. To track particular categories of resource consumption
D. To monitor costs being incurred against your account

Answer: C. monitoring cost is typically handled by a cost budget, not a usage budget. aws usage budget help track and monitor specific categories
of resource consumption. it allow you to set usage limits and receive alerts when your usage exceeds predefined threshold.

12. Which of the following is not a setting you can configure in a Cost budget?
A. Period (monthly, quarterly, etc.)
B. Instance type
C. Start and stop dates
D. Owner (username of resource owner)

Answer: B

13. What is the main difference between the goals of Cost Explorer and of Cost and Usage
reports?
A. Cost Explorer displays visualizations of high-level
historical and current account costs,
whereas Cost and Usage reports generate granular usage reports in CSV format.
B. Cost and Usage reports display visualizations of high-level
historical and current account
costs, whereas Cost Explorer generates granular usage reports in CSV format.
C. Cost Explorer lets you set alerts that are triggered by billing events, whereas Cost and
Usage reports help you visualize system events.
D. Cost and Usage reports are meant to alert you to malicious intrusions, whereas Cost
Explorer displays visualizations of high-level
historical and current account costs.

Answer: A. cost explorer is designed to visualize your account's cost trends, providing easy-to-understand chars and graphs
of your historical and current expenses. cost and usage reports provide detailed, granular data about your usage and costs,
typically in csv format.

14. What is the purpose of cost allocation tags?
A. To associate spend limits to automatically trigger resource shutdowns when necessary
B. To help you identify the purpose and owner of a particular running resource to better
understand and control deployments
C. To help you identify resources for the purpose of tracking your account spending
D. To visually associate account events with billing periods

Answer: C. cost allocation tags are used to label resources so you can track and allocate costs based on specific criteria (such as 
departments, projects, or teams). these tags help you categorize and understand how different resources contribute to your overall spending.

15. Which of the following scenarios would be a good use case for AWS Organizations?
(Choose two.)
A. A single company with multiple AWS accounts that wants a single place to administer
everything
B. An organization that provides AWS access to large teams of its developers and admins
C. A company that’s integrated some operations with an upstream vendor
D. A company with two distinct operational units, each with its own accounting system
and AWS account

Answer: A, D. aws org allows centralize management of multiple aws accounts, making it easier to administer and consolidate billing across the organization.
aws org supports grouping multiple aws accounts, even if they have different billing structures, allowing for better org and management.

16. Which of these tools lets you design graphs within the browser interface to track your
account spending?
A. Budgets
B. Cost Explorer
C. Reports
D. Consolidating Billing

Answer:  B. cost explorer allow you to create and visualize graphs of your account spending directly within the aws management console. it help 
you track historical and current costs and usage trends over time.